<?xml version="1.0" encoding="UTF-8"?>
<!-- Generated by org.testng.reporters.JUnitReportReporter -->
<testsuite skipped="0" hostname="Ajith-PC" name="scripts.TestValidLogin" tests="1" failures="0" timestamp="04 Aug 2018 05:08:54 GMT" time="21.179" errors="0">
  <testcase name="testValidLogin" time="21.179" classname="scripts.TestValidLogin"/>
</testsuite> <!-- scripts.TestValidLogin -->
